<?xml version='1.0' encoding='UTF-8'?>
<testsuites time="17.260321140289307" tests="110" failures="2"><testsuite name="todo-for-ai-mcp" time="0.1324911117553711" tests="0" failures="0" skipped="0" /><testsuite name="todo-for-ai-webpage" time="2.218001127243042" tests="4" failures="0" skipped="0" /><testsuite name="agent-runtime" time="5.626144886016846" tests="98" failures="1" skipped="0"><testcase name="agent-runtime test suite"><failure message="1 tests failed" /></testcase></testsuite><testsuite name="todo-for-ai-api-server" time="9.283684015274048" tests="8" failures="1" skipped="0"><testcase name="todo-for-ai-api-server test suite"><failure message="1 tests failed">/Users/cc11001100/github/todo-for-ai/todo-for-ai/todo-for-ai-api-server/api/dashboard.py:345: SAWarning: Coercing Subquery object into a select() for use in IN(); please pass a select() construct explicitly
  owned_scope = _build_scope_stats(owned_project_query, owned_task_query)
</failure></testcase></testsuite></testsuites>