<?xml version='1.0' encoding='UTF-8'?>
<testsuites time="24.980674266815186" tests="123" failures="0"><testsuite name="todo-for-ai-mcp" time="0.2667968273162842" tests="0" failures="0" skipped="0" /><testsuite name="todo-for-ai-webpage" time="3.5900962352752686" tests="4" failures="0" skipped="0" /><testsuite name="agent-runtime" time="6.792281150817871" tests="99" failures="0" skipped="0" /><testsuite name="todo-for-ai-api-server" time="14.331500053405762" tests="20" failures="0" skipped="0" /></testsuites>