<?xml version='1.0' encoding='UTF-8'?>
<testsuites time="16.894134998321533" tests="0" failures="0"><testsuite name="todo-for-ai-webpage" time="0.22092700004577637" tests="0" failures="0" skipped="0" /><testsuite name="todo-for-ai-mcp" time="0.28028392791748047" tests="0" failures="0" skipped="0" /><testsuite name="agent-runtime" time="4.586434841156006" tests="0" failures="0" skipped="0" /><testsuite name="todo-for-ai-api-server" time="11.80648922920227" tests="0" failures="0" skipped="0" /></testsuites>