<?xml version='1.0' encoding='UTF-8'?>
<testsuites time="40.01227307319641" tests="199" failures="2"><testsuite name="todo-for-ai-mcp" time="0.14464068412780762" tests="0" failures="0" skipped="0" /><testsuite name="todo-for-ai-webpage" time="3.7819461822509766" tests="5" failures="0" skipped="0" /><testsuite name="agent-runtime" time="8.339341163635254" tests="137" failures="1" skipped="0"><testcase name="agent-runtime test suite"><failure message="1 tests failed" /></testcase></testsuite><testsuite name="todo-for-ai-api-server" time="27.746345043182373" tests="57" failures="1" skipped="0"><testcase name="todo-for-ai-api-server test suite"><failure message="1 tests failed" /></testcase></testsuite></testsuites>