<?xml version='1.0' encoding='UTF-8'?>
<testsuites time="167.06664514541626" tests="123" failures="1"><testsuite name="todo-for-ai-mcp" time="0.2007150650024414" tests="0" failures="0" skipped="0" /><testsuite name="todo-for-ai-webpage" time="2.309544086456299" tests="4" failures="0" skipped="0" /><testsuite name="agent-runtime" time="5.17864990234375" tests="99" failures="0" skipped="0" /><testsuite name="todo-for-ai-api-server" time="159.37773609161377" tests="20" failures="1" skipped="0"><testcase name="todo-for-ai-api-server test suite"><failure message="1 tests failed" /></testcase></testsuite></testsuites>