<?xml version='1.0' encoding='UTF-8'?>
<testsuites time="184.8813374042511" tests="164" failures="2"><testsuite name="todo-for-ai-mcp" time="0.13969993591308594" tests="0" failures="0" skipped="0" /><testsuite name="todo-for-ai-webpage" time="1.9821841716766357" tests="4" failures="0" skipped="0" /><testsuite name="agent-runtime" time="5.444951057434082" tests="113" failures="1" skipped="0"><testcase name="agent-runtime test suite"><failure message="1 tests failed" /></testcase></testsuite><testsuite name="todo-for-ai-api-server" time="177.3145022392273" tests="47" failures="1" skipped="0"><testcase name="todo-for-ai-api-server test suite"><failure message="1 tests failed" /></testcase></testsuite></testsuites>