<?xml version='1.0' encoding='UTF-8'?>
<testsuites time="14.23550796508789" tests="0" failures="0"><testsuite name="todo-for-ai-webpage" time="0.19625306129455566" tests="0" failures="0" skipped="0" /><testsuite name="todo-for-ai-mcp" time="0.20770502090454102" tests="0" failures="0" skipped="0" /><testsuite name="agent-runtime" time="4.260419130325317" tests="0" failures="0" skipped="0" /><testsuite name="todo-for-ai-api-server" time="9.571130752563477" tests="0" failures="0" skipped="0" /></testsuites>