<?xml version='1.0' encoding='UTF-8'?>
<testsuites time="0.28426408767700195" tests="2" failures="2"><testsuite name="agent-runtime" time="0.0054340362548828125" tests="1" failures="1" skipped="0"><testcase name="agent-runtime test suite"><failure message="1 tests failed">[Errno 2] No such file or directory: 'python'</failure></testcase></testsuite><testsuite name="todo-for-ai-api-server" time="0.008466005325317383" tests="1" failures="1" skipped="0"><testcase name="todo-for-ai-api-server test suite"><failure message="1 tests failed">[Errno 2] No such file or directory: 'python'</failure></testcase></testsuite><testsuite name="todo-for-ai-webpage" time="0.134566068649292" tests="0" failures="0" skipped="0" /><testsuite name="todo-for-ai-mcp" time="0.13579797744750977" tests="0" failures="0" skipped="0" /></testsuites>