<?xml version='1.0' encoding='UTF-8'?>
<testsuites time="34.01722192764282" tests="165" failures="2"><testsuite name="todo-for-ai-mcp" time="0.11980104446411133" tests="0" failures="0" skipped="0" /><testsuite name="todo-for-ai-webpage" time="1.7900230884552002" tests="4" failures="0" skipped="0" /><testsuite name="agent-runtime" time="5.504648923873901" tests="114" failures="1" skipped="0"><testcase name="agent-runtime test suite"><failure message="1 tests failed" /></testcase></testsuite><testsuite name="todo-for-ai-api-server" time="26.60274887084961" tests="47" failures="1" skipped="0"><testcase name="todo-for-ai-api-server test suite"><failure message="1 tests failed" /></testcase></testsuite></testsuites>